<?xml version="1.0" encoding="UTF-8"?>
<!-- Generated by org.testng.reporters.JUnitXMLReporter -->
<testsuite ignored="3" hostname="Sanchit-PC" failures="0" tests="1" name="Default test" time="33.069" errors="0" timestamp="2022-06-29T12:24:49 IST">
  <testcase classname="TestCases.LoginPageTest" name="loginToAppTest" time="17.519"/>
  <testcase classname="TestCases.LoginPageTest" name="verifyzerodhaLogoTest" time="0.0">
    <ignored/>
  </testcase> <!-- verifyzerodhaLogoTest -->
  <testcase classname="TestCases.LoginPageTest" name="verifykiteLogoTest" time="0.0">
    <ignored/>
  </testcase> <!-- verifykiteLogoTest -->
  <testcase classname="TestCases.LoginPageTest" name="verifyTitleTest" time="0.0">
    <ignored/>
  </testcase> <!-- verifyTitleTest -->
</testsuite> <!-- Default test -->
