<?xml version="1.0" encoding="UTF-8"?>
<!-- Generated by org.testng.reporters.JUnitXMLReporter -->
<testsuite ignored="0" hostname="Sanchit-PC" failures="0" tests="3" name="Test" time="24.348" errors="0" timestamp="2022-06-19T21:39:17 IST">
  <testcase classname="TestCases.ParallelTest" name="openfb" time="11.746"/>
  <testcase classname="TestCases.ParallelTest" name="openAmazon" time="14.354"/>
  <testcase classname="TestCases.ParallelTest" name="opengoogle" time="12.529"/>
</testsuite> <!-- Test -->
