<?xml version="1.0" encoding="UTF-8"?>
<!-- Generated by org.testng.reporters.JUnitXMLReporter -->
<testsuite ignored="2" hostname="Sanchit-PC" failures="2" tests="2" name="verifyTitleTest" time="0.082" errors="0" timestamp="2022-06-13T12:45:47 IST">
  <testcase classname="TestCases.GroupTest" name="verifyTitleTest" time="0.013">
    <failure type="java.lang.NullPointerException" message="Cannot invoke &amp;quot;Pages.LoginPage.veriftTitle()&amp;quot; because &amp;quot;this.login&amp;quot; is null">
      <![CDATA[java.lang.NullPointerException: Cannot invoke "Pages.LoginPage.veriftTitle()" because "this.login" is null
at TestCases.GroupTest.verifyTitleTest(GroupTest.java:24)
at java.base/java.util.ArrayList.forEach(ArrayList.java:1511)
... Removed 27 stack frames]]>
    </failure>
  </testcase> <!-- verifyTitleTest -->
  <testcase classname="TestCases.GroupTest" name="verifykiteLogoTest" time="0.002">
    <failure type="java.lang.NullPointerException" message="Cannot invoke &amp;quot;Pages.LoginPage.verifykitelogo()&amp;quot; because &amp;quot;this.login&amp;quot; is null">
      <![CDATA[java.lang.NullPointerException: Cannot invoke "Pages.LoginPage.verifykitelogo()" because "this.login" is null
at TestCases.GroupTest.verifykiteLogoTest(GroupTest.java:31)
at java.base/java.util.ArrayList.forEach(ArrayList.java:1511)
... Removed 27 stack frames]]>
    </failure>
  </testcase> <!-- verifykiteLogoTest -->
  <testcase classname="TestCases.GroupTest" name="verifyzerodhaLogoTest" time="0.0">
    <ignored/>
  </testcase> <!-- verifyzerodhaLogoTest -->
  <testcase classname="TestCases.GroupTest" name="loginToAppTest" time="0.0">
    <ignored/>
  </testcase> <!-- loginToAppTest -->
</testsuite> <!-- verifyTitleTest -->
