<?xml version="1.0" encoding="UTF-8"?>
<testng-results ignored="3" total="4" passed="1" failed="0" skipped="0">
  <reporter-output>
  </reporter-output>
  <suite started-at="2022-06-29T12:24:16 IST" name="Default suite" finished-at="2022-06-29T12:24:49 IST" duration-ms="33069">
    <groups>
    </groups>
    <test started-at="2022-06-29T12:24:16 IST" name="Default test" finished-at="2022-06-29T12:24:49 IST" duration-ms="33069">
      <class name="TestCases.LoginPageTest">
        <test-method is-config="true" signature="setup()[pri:0, instance:TestCases.LoginPageTest@1e04fa0a]" started-at="2022-06-29T12:24:16 IST" name="setup" finished-at="2022-06-29T12:24:29 IST" duration-ms="13079" status="PASS">
          <reporter-output>
          </reporter-output>
        </test-method> <!-- setup -->
        <test-method signature="loginToAppTest()[pri:0, instance:TestCases.LoginPageTest@1e04fa0a]" started-at="2022-06-29T12:24:29 IST" name="loginToAppTest" finished-at="2022-06-29T12:24:46 IST" duration-ms="17519" status="PASS">
          <reporter-output>
          </reporter-output>
        </test-method> <!-- loginToAppTest -->
        <test-method is-config="true" signature="exit()[pri:0, instance:TestCases.LoginPageTest@1e04fa0a]" started-at="2022-06-29T12:24:47 IST" name="exit" finished-at="2022-06-29T12:24:49 IST" duration-ms="2114" status="PASS">
          <reporter-output>
          </reporter-output>
        </test-method> <!-- exit -->
      </class> <!-- TestCases.LoginPageTest -->
    </test> <!-- Default test -->
  </suite> <!-- Default suite -->
</testng-results>
